<?xml version="1.0" encoding="UTF-8"?>
<testsuite name="censusanalyser.CensusAnalyserTest" tests="1" skipped="0" failures="0" errors="0" timestamp="2020-10-13T10:34:11" hostname="DESKTOP-25DPEJS" time="0.019">
  <properties/>
  <testcase name="givenIndiaStateCode_WithCorrectFileButHeadereIncorrect_ShouldThrowException" classname="censusanalyser.CensusAnalyserTest" time="0.019"/>
  <system-out><![CDATA[]]></system-out>
  <system-err><![CDATA[]]></system-err>
</testsuite>
