<?xml version="1.0" encoding="UTF-8"?>
<testsuite name="censusanalyser.CensusAnalyserTest" tests="5" skipped="0" failures="0" errors="0" timestamp="2020-10-13T08:49:40" hostname="DESKTOP-25DPEJS" time="0.757">
  <properties/>
  <testcase name="givenIndianCensusCSVFileReturnsCorrectRecords" classname="censusanalyser.CensusAnalyserTest" time="0.427"/>
  <testcase name="givenIndiaCensusData_WithCorrectFileTypeIncorrect_ShouldThrowException" classname="censusanalyser.CensusAnalyserTest" time="0.132"/>
  <testcase name="givenIndiaCensusData_WithCorrectFileButHeadereIncorrect_ShouldThrowException" classname="censusanalyser.CensusAnalyserTest" time="0.116"/>
  <testcase name="givenIndiaCensusData_WithCorrectFileDelimiterIncorrect_ShouldThrowException" classname="censusanalyser.CensusAnalyserTest" time="0.066"/>
  <testcase name="givenIndiaCensusData_WithWrongFile_ShouldThrowException" classname="censusanalyser.CensusAnalyserTest" time="0.005"/>
  <system-out><![CDATA[]]></system-out>
  <system-err><![CDATA[]]></system-err>
</testsuite>
