<?xml version="1.0" encoding="UTF-8"?>
<<<<<<< HEAD
<testsuite name="censusanalyser.CensusAnalyserTest" tests="1" skipped="0" failures="0" errors="0" timestamp="2020-10-13T07:57:43" hostname="DESKTOP-25DPEJS" time="0.025">
  <properties/>
  <testcase name="givenIndiaCensusData_WithWrongFile_ShouldThrowException" classname="censusanalyser.CensusAnalyserTest" time="0.025"/>
=======
<testsuite name="censusanalyser.CensusAnalyserTest" tests="5" skipped="0" failures="0" errors="0" timestamp="2020-10-13T08:49:40" hostname="DESKTOP-25DPEJS" time="0.757">
  <properties/>
  <testcase name="givenIndianCensusCSVFileReturnsCorrectRecords" classname="censusanalyser.CensusAnalyserTest" time="0.427"/>
  <testcase name="givenIndiaCensusData_WithCorrectFileTypeIncorrect_ShouldThrowException" classname="censusanalyser.CensusAnalyserTest" time="0.132"/>
  <testcase name="givenIndiaCensusData_WithCorrectFileButHeadereIncorrect_ShouldThrowException" classname="censusanalyser.CensusAnalyserTest" time="0.116"/>
  <testcase name="givenIndiaCensusData_WithCorrectFileDelimiterIncorrect_ShouldThrowException" classname="censusanalyser.CensusAnalyserTest" time="0.066"/>
  <testcase name="givenIndiaCensusData_WithWrongFile_ShouldThrowException" classname="censusanalyser.CensusAnalyserTest" time="0.005"/>
>>>>>>> b73c91bbe5f12b0021758dc69f653c9db808af8a
  <system-out><![CDATA[]]></system-out>
  <system-err><![CDATA[]]></system-err>
</testsuite>
